<?xml version="1.0" encoding="UTF-8"?>
<!-- Generated by org.testng.reporters.JUnitXMLReporter -->
<testsuite ignored="0" hostname="mucnblo029" failures="0" tests="3" name="Test" time="27.392" errors="0" timestamp="2021-02-28T17:40:59 CET">
  <testcase classname="TestCases.BaseClass" name="printStatus" time="0.005"/>
  <testcase classname="TestCases.GivenTestCase" name="ClickOnCreditCard" time="0.702"/>
  <testcase classname="TestCases.GivenTestCase" name="EnterEmail" time="15.776"/>
</testsuite> <!-- Test -->
