<?xml version="1.0" encoding="UTF-8"?>
<testng-results ignored="0" total="2" passed="2" failed="0" skipped="0">
  <reporter-output>
  </reporter-output>
  <suite started-at="2021-02-28T20:26:35 CET" name="Suite" finished-at="2021-02-28T20:27:05 CET" duration-ms="29544">
    <groups>
    </groups>
    <test started-at="2021-02-28T20:26:35 CET" name="Test" finished-at="2021-02-28T20:27:05 CET" duration-ms="29544">
      <class name="TestCases.GivenTestCase">
        <test-method is-config="true" signature="setup(java.lang.String, java.lang.String)[pri:0, instance:TestCases.GivenTestCase@69453e37]" started-at="2021-02-28T20:26:35 CET" name="setup" finished-at="2021-02-28T20:26:46 CET" duration-ms="10323" status="PASS">
          <params>
            <param index="0">
              <value>
                <![CDATA[chrome]]>
              </value>
            </param>
            <param index="1">
              <value>
                <![CDATA[https://finanzen.check24.de/accounts/d/kreditkarte/result.html]]>
              </value>
            </param>
          </params>
          <reporter-output>
          </reporter-output>
        </test-method> <!-- setup -->
        <test-method signature="ClickOnCreditCard()[pri:1, instance:TestCases.GivenTestCase@69453e37]" started-at="2021-02-28T20:26:46 CET" name="ClickOnCreditCard" finished-at="2021-02-28T20:26:49 CET" duration-ms="3392" status="PASS">
          <reporter-output>
          </reporter-output>
        </test-method> <!-- ClickOnCreditCard -->
        <test-method signature="EnterEmail()[pri:2, instance:TestCases.GivenTestCase@69453e37]" started-at="2021-02-28T20:26:49 CET" name="EnterEmail" finished-at="2021-02-28T20:27:04 CET" duration-ms="15036" status="PASS">
          <reporter-output>
          </reporter-output>
        </test-method> <!-- EnterEmail -->
        <test-method is-config="true" signature="tearDown()[pri:0, instance:TestCases.GivenTestCase@69453e37]" started-at="2021-02-28T20:27:04 CET" name="tearDown" finished-at="2021-02-28T20:27:05 CET" duration-ms="704" status="PASS">
          <reporter-output>
          </reporter-output>
        </test-method> <!-- tearDown -->
      </class> <!-- TestCases.GivenTestCase -->
    </test> <!-- Test -->
  </suite> <!-- Suite -->
</testng-results>
